<?xml version="1.0" encoding="UTF-8"?>
<testng-results skipped="0" failed="2" ignored="2" total="9" passed="5">
  <reporter-output>
  </reporter-output>
  <suite name="Suite" duration-ms="238697" started-at="2019-09-06T12:21:59Z" finished-at="2019-09-06T12:25:58Z">
    <groups>
    </groups>
    <test name="Test" duration-ms="238697" started-at="2019-09-06T12:21:59Z" finished-at="2019-09-06T12:25:58Z">
      <class name="com.bm.qa.testcases.HomePageTest">
        <test-method status="PASS" signature="setup(java.lang.reflect.Method)[pri:0, instance:com.bm.qa.testcases.HomePageTest@2ddc8ecb]" name="setup" is-config="true" duration-ms="21909" started-at="2019-09-06T12:24:12Z" finished-at="2019-09-06T12:24:34Z">
          <params>
            <param index="0">
              <value>
                <![CDATA[public void com.bm.qa.testcases.HomePageTest.TC_01() throws java.lang.Exception]]>
              </value>
            </param>
          </params>
          <reporter-output>
          </reporter-output>
        </test-method> <!-- setup -->
        <test-method status="PASS" signature="TC_01()[pri:0, instance:com.bm.qa.testcases.HomePageTest@2ddc8ecb]" name="TC_01" duration-ms="2308" started-at="2019-09-06T12:24:34Z" finished-at="2019-09-06T12:24:36Z">
          <reporter-output>
          </reporter-output>
        </test-method> <!-- TC_01 -->
        <test-method status="PASS" signature="captureStatus(org.testng.ITestResult)[pri:0, instance:com.bm.qa.testcases.HomePageTest@2ddc8ecb]" name="captureStatus" is-config="true" duration-ms="822" started-at="2019-09-06T12:24:36Z" finished-at="2019-09-06T12:24:37Z">
          <params>
            <param index="0">
              <value>
                <![CDATA[[TestResult name=TC_01 status=SUCCESS method=HomePageTest.TC_01()[pri:0, instance:com.bm.qa.testcases.HomePageTest@2ddc8ecb] output={null}]]]>
              </value>
            </param>
          </params>
          <reporter-output>
          </reporter-output>
        </test-method> <!-- captureStatus -->
        <test-method status="PASS" signature="setup(java.lang.reflect.Method)[pri:0, instance:com.bm.qa.testcases.HomePageTest@2ddc8ecb]" name="setup" is-config="true" duration-ms="22517" started-at="2019-09-06T12:24:37Z" finished-at="2019-09-06T12:24:59Z">
          <params>
            <param index="0">
              <value>
                <![CDATA[public void com.bm.qa.testcases.HomePageTest.TC_02()]]>
              </value>
            </param>
          </params>
          <reporter-output>
          </reporter-output>
        </test-method> <!-- setup -->
        <test-method status="PASS" signature="TC_02()[pri:0, instance:com.bm.qa.testcases.HomePageTest@2ddc8ecb]" name="TC_02" duration-ms="2760" started-at="2019-09-06T12:25:00Z" finished-at="2019-09-06T12:25:02Z">
          <reporter-output>
          </reporter-output>
        </test-method> <!-- TC_02 -->
        <test-method status="PASS" signature="captureStatus(org.testng.ITestResult)[pri:0, instance:com.bm.qa.testcases.HomePageTest@2ddc8ecb]" name="captureStatus" is-config="true" duration-ms="856" started-at="2019-09-06T12:25:02Z" finished-at="2019-09-06T12:25:03Z">
          <params>
            <param index="0">
              <value>
                <![CDATA[[TestResult name=TC_02 status=SUCCESS method=HomePageTest.TC_02()[pri:0, instance:com.bm.qa.testcases.HomePageTest@2ddc8ecb] output={null}]]]>
              </value>
            </param>
          </params>
          <reporter-output>
          </reporter-output>
        </test-method> <!-- captureStatus -->
        <test-method status="PASS" signature="setup(java.lang.reflect.Method)[pri:0, instance:com.bm.qa.testcases.HomePageTest@2ddc8ecb]" name="setup" is-config="true" duration-ms="13420" started-at="2019-09-06T12:25:03Z" finished-at="2019-09-06T12:25:17Z">
          <params>
            <param index="0">
              <value>
                <![CDATA[public void com.bm.qa.testcases.HomePageTest.TC_08() throws java.lang.InterruptedException,java.io.IOException]]>
              </value>
            </param>
          </params>
          <reporter-output>
          </reporter-output>
        </test-method> <!-- setup -->
        <test-method status="FAIL" signature="TC_08()[pri:0, instance:com.bm.qa.testcases.HomePageTest@2ddc8ecb]" name="TC_08" duration-ms="12771" started-at="2019-09-06T12:25:17Z" finished-at="2019-09-06T12:25:30Z">
          <exception class="org.openqa.selenium.NoSuchElementException">
            <message>
              <![CDATA[no such element: Unable to locate element: {"method":"xpath","selector":"//h6[text()='Our Company']"}
  (Session info: chrome=76.0.3809.132)
  (Driver info: chromedriver=2.41.578737 (49da6702b16031c40d63e5618de03a32ff6c197e),platform=Windows NT 10.0.17134 x86_64) (WARNING: The server did not provide any stacktrace information)
Command duration or timeout: 0 milliseconds
For documentation on this error, please visit: https://www.seleniumhq.org/exceptions/no_such_element.html
Build info: version: '3.141.59', revision: 'e82be7d358', time: '2018-11-14T08:25:48'
System info: host: 'DESKTOP-EQHOLA5', ip: '10.10.27.80', os.name: 'Windows 10', os.arch: 'amd64', os.version: '10.0', java.version: '1.8.0_221'
Driver info: org.openqa.selenium.chrome.ChromeDriver
Capabilities {acceptInsecureCerts: false, acceptSslCerts: false, applicationCacheEnabled: false, browserConnectionEnabled: false, browserName: chrome, chrome: {chromedriverVersion: 2.41.578737 (49da6702b16031..., userDataDir: C:\Users\Admin\AppData\Loca...}, cssSelectorsEnabled: true, databaseEnabled: false, goog:chromeOptions: {debuggerAddress: localhost:57375}, handlesAlerts: true, hasTouchScreen: false, javascriptEnabled: true, locationContextEnabled: true, mobileEmulationEnabled: false, nativeEvents: true, networkConnectionEnabled: false, pageLoadStrategy: normal, platform: XP, platformName: XP, rotatable: false, setWindowRect: true, takesHeapSnapshot: true, takesScreenshot: true, unexpectedAlertBehaviour: , unhandledPromptBehavior: , version: 76.0.3809.132, webStorageEnabled: true}
Session ID: 98a215c12bf3a19ed41dae3a28a5c7c5
*** Element info: {Using=xpath, value=//h6[text()='Our Company']}]]>
            </message>
            <full-stacktrace>
              <![CDATA[org.openqa.selenium.NoSuchElementException: no such element: Unable to locate element: {"method":"xpath","selector":"//h6[text()='Our Company']"}
  (Session info: chrome=76.0.3809.132)
  (Driver info: chromedriver=2.41.578737 (49da6702b16031c40d63e5618de03a32ff6c197e),platform=Windows NT 10.0.17134 x86_64) (WARNING: The server did not provide any stacktrace information)
Command duration or timeout: 0 milliseconds
For documentation on this error, please visit: https://www.seleniumhq.org/exceptions/no_such_element.html
Build info: version: '3.141.59', revision: 'e82be7d358', time: '2018-11-14T08:25:48'
System info: host: 'DESKTOP-EQHOLA5', ip: '10.10.27.80', os.name: 'Windows 10', os.arch: 'amd64', os.version: '10.0', java.version: '1.8.0_221'
Driver info: org.openqa.selenium.chrome.ChromeDriver
Capabilities {acceptInsecureCerts: false, acceptSslCerts: false, applicationCacheEnabled: false, browserConnectionEnabled: false, browserName: chrome, chrome: {chromedriverVersion: 2.41.578737 (49da6702b16031..., userDataDir: C:\Users\Admin\AppData\Loca...}, cssSelectorsEnabled: true, databaseEnabled: false, goog:chromeOptions: {debuggerAddress: localhost:57375}, handlesAlerts: true, hasTouchScreen: false, javascriptEnabled: true, locationContextEnabled: true, mobileEmulationEnabled: false, nativeEvents: true, networkConnectionEnabled: false, pageLoadStrategy: normal, platform: XP, platformName: XP, rotatable: false, setWindowRect: true, takesHeapSnapshot: true, takesScreenshot: true, unexpectedAlertBehaviour: , unhandledPromptBehavior: , version: 76.0.3809.132, webStorageEnabled: true}
Session ID: 98a215c12bf3a19ed41dae3a28a5c7c5
*** Element info: {Using=xpath, value=//h6[text()='Our Company']}
at sun.reflect.NativeConstructorAccessorImpl.newInstance0(Native Method)
at sun.reflect.NativeConstructorAccessorImpl.newInstance(Unknown Source)
at sun.reflect.DelegatingConstructorAccessorImpl.newInstance(Unknown Source)
at java.lang.reflect.Constructor.newInstance(Unknown Source)
at org.openqa.selenium.remote.ErrorHandler.createThrowable(ErrorHandler.java:214)
at org.openqa.selenium.remote.ErrorHandler.throwIfResponseFailed(ErrorHandler.java:166)
at org.openqa.selenium.remote.http.JsonHttpResponseCodec.reconstructValue(JsonHttpResponseCodec.java:40)
at org.openqa.selenium.remote.http.AbstractHttpResponseCodec.decode(AbstractHttpResponseCodec.java:80)
at org.openqa.selenium.remote.http.AbstractHttpResponseCodec.decode(AbstractHttpResponseCodec.java:44)
at org.openqa.selenium.remote.HttpCommandExecutor.execute(HttpCommandExecutor.java:158)
at org.openqa.selenium.remote.service.DriverCommandExecutor.execute(DriverCommandExecutor.java:83)
at org.openqa.selenium.remote.RemoteWebDriver.execute(RemoteWebDriver.java:552)
at org.openqa.selenium.remote.RemoteWebDriver.findElement(RemoteWebDriver.java:323)
at org.openqa.selenium.remote.RemoteWebDriver.findElementByXPath(RemoteWebDriver.java:428)
at org.openqa.selenium.By$ByXPath.findElement(By.java:353)
at org.openqa.selenium.remote.RemoteWebDriver.findElement(RemoteWebDriver.java:315)
at com.bm.qa.pages.HomePage.clickOnFooterLinks(HomePage.java:85)
at com.bm.qa.testcases.HomePageTest.TC_08(HomePageTest.java:49)
at sun.reflect.NativeMethodAccessorImpl.invoke0(Native Method)
at sun.reflect.NativeMethodAccessorImpl.invoke(Unknown Source)
at sun.reflect.DelegatingMethodAccessorImpl.invoke(Unknown Source)
at java.lang.reflect.Method.invoke(Unknown Source)
at org.testng.internal.MethodInvocationHelper.invokeMethod(MethodInvocationHelper.java:124)
at org.testng.internal.Invoker.invokeMethod(Invoker.java:583)
at org.testng.internal.Invoker.invokeTestMethod(Invoker.java:719)
at org.testng.internal.Invoker.invokeTestMethods(Invoker.java:989)
at org.testng.internal.TestMethodWorker.invokeTestMethods(TestMethodWorker.java:125)
at org.testng.internal.TestMethodWorker.run(TestMethodWorker.java:109)
at org.testng.TestRunner.privateRun(TestRunner.java:648)
at org.testng.TestRunner.run(TestRunner.java:505)
at org.testng.SuiteRunner.runTest(SuiteRunner.java:455)
at org.testng.SuiteRunner.runSequentially(SuiteRunner.java:450)
at org.testng.SuiteRunner.privateRun(SuiteRunner.java:415)
at org.testng.SuiteRunner.run(SuiteRunner.java:364)
at org.testng.SuiteRunnerWorker.runSuite(SuiteRunnerWorker.java:52)
at org.testng.SuiteRunnerWorker.run(SuiteRunnerWorker.java:84)
at org.testng.TestNG.runSuitesSequentially(TestNG.java:1208)
at org.testng.TestNG.runSuitesLocally(TestNG.java:1137)
at org.testng.TestNG.runSuites(TestNG.java:1049)
at org.testng.TestNG.run(TestNG.java:1017)
at org.testng.remote.AbstractRemoteTestNG.run(AbstractRemoteTestNG.java:115)
at org.testng.remote.RemoteTestNG.initAndRun(RemoteTestNG.java:251)
at org.testng.remote.RemoteTestNG.main(RemoteTestNG.java:77)
]]>
            </full-stacktrace>
          </exception> <!-- org.openqa.selenium.NoSuchElementException -->
          <reporter-output>
          </reporter-output>
        </test-method> <!-- TC_08 -->
        <test-method status="PASS" signature="captureStatus(org.testng.ITestResult)[pri:0, instance:com.bm.qa.testcases.HomePageTest@2ddc8ecb]" name="captureStatus" is-config="true" duration-ms="1657" started-at="2019-09-06T12:25:30Z" finished-at="2019-09-06T12:25:31Z">
          <params>
            <param index="0">
              <value>
                <![CDATA[[TestResult name=TC_08 status=FAILURE method=HomePageTest.TC_08()[pri:0, instance:com.bm.qa.testcases.HomePageTest@2ddc8ecb] output={null}]]]>
              </value>
            </param>
          </params>
          <reporter-output>
          </reporter-output>
        </test-method> <!-- captureStatus -->
        <test-method status="PASS" signature="setup(java.lang.reflect.Method)[pri:0, instance:com.bm.qa.testcases.HomePageTest@2ddc8ecb]" name="setup" is-config="true" duration-ms="21512" started-at="2019-09-06T12:25:31Z" finished-at="2019-09-06T12:25:53Z">
          <params>
            <param index="0">
              <value>
                <![CDATA[public void com.bm.qa.testcases.HomePageTest.TC_15() throws java.lang.InterruptedException]]>
              </value>
            </param>
          </params>
          <reporter-output>
          </reporter-output>
        </test-method> <!-- setup -->
        <test-method status="PASS" signature="TC_15()[pri:0, instance:com.bm.qa.testcases.HomePageTest@2ddc8ecb]" name="TC_15" duration-ms="4285" started-at="2019-09-06T12:25:53Z" finished-at="2019-09-06T12:25:57Z">
          <reporter-output>
          </reporter-output>
        </test-method> <!-- TC_15 -->
        <test-method status="PASS" signature="captureStatus(org.testng.ITestResult)[pri:0, instance:com.bm.qa.testcases.HomePageTest@2ddc8ecb]" name="captureStatus" is-config="true" duration-ms="850" started-at="2019-09-06T12:25:57Z" finished-at="2019-09-06T12:25:58Z">
          <params>
            <param index="0">
              <value>
                <![CDATA[[TestResult name=TC_15 status=SUCCESS method=HomePageTest.TC_15()[pri:0, instance:com.bm.qa.testcases.HomePageTest@2ddc8ecb] output={null}]]]>
              </value>
            </param>
          </params>
          <reporter-output>
          </reporter-output>
        </test-method> <!-- captureStatus -->
      </class> <!-- com.bm.qa.testcases.HomePageTest -->
      <class name="com.bm.qa.testcases.AccountManagementTest">
        <test-method status="PASS" signature="setUpSuite()[pri:0, instance:com.bm.qa.testcases.AccountManagementTest@6973bf95]" name="setUpSuite" is-config="true" duration-ms="677" started-at="2019-09-06T12:21:59Z" finished-at="2019-09-06T12:21:59Z">
          <reporter-output>
          </reporter-output>
        </test-method> <!-- setUpSuite -->
        <test-method status="PASS" signature="setup(java.lang.reflect.Method)[pri:0, instance:com.bm.qa.testcases.AccountManagementTest@6973bf95]" name="setup" is-config="true" duration-ms="34827" started-at="2019-09-06T12:21:59Z" finished-at="2019-09-06T12:22:34Z">
          <params>
            <param index="0">
              <value>
                <![CDATA[public void com.bm.qa.testcases.AccountManagementTest.TC_03() throws java.lang.Throwable]]>
              </value>
            </param>
          </params>
          <reporter-output>
          </reporter-output>
        </test-method> <!-- setup -->
        <test-method status="PASS" signature="TC_03()[pri:0, instance:com.bm.qa.testcases.AccountManagementTest@6973bf95]" name="TC_03" duration-ms="12474" started-at="2019-09-06T12:22:36Z" finished-at="2019-09-06T12:22:48Z">
          <reporter-output>
          </reporter-output>
        </test-method> <!-- TC_03 -->
        <test-method status="PASS" signature="captureStatus(org.testng.ITestResult)[pri:0, instance:com.bm.qa.testcases.AccountManagementTest@6973bf95]" name="captureStatus" is-config="true" duration-ms="1337" started-at="2019-09-06T12:22:48Z" finished-at="2019-09-06T12:22:50Z">
          <params>
            <param index="0">
              <value>
                <![CDATA[[TestResult name=TC_03 status=SUCCESS method=AccountManagementTest.TC_03()[pri:0, instance:com.bm.qa.testcases.AccountManagementTest@6973bf95] output={null}]]]>
              </value>
            </param>
          </params>
          <reporter-output>
          </reporter-output>
        </test-method> <!-- captureStatus -->
        <test-method status="PASS" signature="setup(java.lang.reflect.Method)[pri:0, instance:com.bm.qa.testcases.AccountManagementTest@6973bf95]" name="setup" is-config="true" duration-ms="24103" started-at="2019-09-06T12:22:50Z" finished-at="2019-09-06T12:23:14Z">
          <params>
            <param index="0">
              <value>
                <![CDATA[public void com.bm.qa.testcases.AccountManagementTest.TC_03_1() throws java.lang.Throwable]]>
              </value>
            </param>
          </params>
          <reporter-output>
          </reporter-output>
        </test-method> <!-- setup -->
        <test-method status="FAIL" signature="TC_03_1()[pri:0, instance:com.bm.qa.testcases.AccountManagementTest@6973bf95]" name="TC_03_1" duration-ms="31736" started-at="2019-09-06T12:23:14Z" finished-at="2019-09-06T12:23:46Z">
          <exception class="org.openqa.selenium.NoSuchElementException">
            <message>
              <![CDATA[no such element: Unable to locate element: {"method":"xpath","selector":"//button[@class='btn btnLinkBlue btn-block btn-gap']"}
  (Session info: chrome=76.0.3809.132)
  (Driver info: chromedriver=2.41.578737 (49da6702b16031c40d63e5618de03a32ff6c197e),platform=Windows NT 10.0.17134 x86_64) (WARNING: The server did not provide any stacktrace information)
Command duration or timeout: 0 milliseconds
For documentation on this error, please visit: https://www.seleniumhq.org/exceptions/no_such_element.html
Build info: version: '3.141.59', revision: 'e82be7d358', time: '2018-11-14T08:25:48'
System info: host: 'DESKTOP-EQHOLA5', ip: '10.10.27.80', os.name: 'Windows 10', os.arch: 'amd64', os.version: '10.0', java.version: '1.8.0_221'
Driver info: org.openqa.selenium.chrome.ChromeDriver
Capabilities {acceptInsecureCerts: false, acceptSslCerts: false, applicationCacheEnabled: false, browserConnectionEnabled: false, browserName: chrome, chrome: {chromedriverVersion: 2.41.578737 (49da6702b16031..., userDataDir: C:\Users\Admin\AppData\Loca...}, cssSelectorsEnabled: true, databaseEnabled: false, goog:chromeOptions: {debuggerAddress: localhost:56841}, handlesAlerts: true, hasTouchScreen: false, javascriptEnabled: true, locationContextEnabled: true, mobileEmulationEnabled: false, nativeEvents: true, networkConnectionEnabled: false, pageLoadStrategy: normal, platform: XP, platformName: XP, rotatable: false, setWindowRect: true, takesHeapSnapshot: true, takesScreenshot: true, unexpectedAlertBehaviour: , unhandledPromptBehavior: , version: 76.0.3809.132, webStorageEnabled: true}
Session ID: b48030279db6a57452fadec4ab1ac5af
*** Element info: {Using=xpath, value=//button[@class='btn btnLinkBlue btn-block btn-gap']}]]>
            </message>
            <full-stacktrace>
              <![CDATA[org.openqa.selenium.NoSuchElementException: no such element: Unable to locate element: {"method":"xpath","selector":"//button[@class='btn btnLinkBlue btn-block btn-gap']"}
  (Session info: chrome=76.0.3809.132)
  (Driver info: chromedriver=2.41.578737 (49da6702b16031c40d63e5618de03a32ff6c197e),platform=Windows NT 10.0.17134 x86_64) (WARNING: The server did not provide any stacktrace information)
Command duration or timeout: 0 milliseconds
For documentation on this error, please visit: https://www.seleniumhq.org/exceptions/no_such_element.html
Build info: version: '3.141.59', revision: 'e82be7d358', time: '2018-11-14T08:25:48'
System info: host: 'DESKTOP-EQHOLA5', ip: '10.10.27.80', os.name: 'Windows 10', os.arch: 'amd64', os.version: '10.0', java.version: '1.8.0_221'
Driver info: org.openqa.selenium.chrome.ChromeDriver
Capabilities {acceptInsecureCerts: false, acceptSslCerts: false, applicationCacheEnabled: false, browserConnectionEnabled: false, browserName: chrome, chrome: {chromedriverVersion: 2.41.578737 (49da6702b16031..., userDataDir: C:\Users\Admin\AppData\Loca...}, cssSelectorsEnabled: true, databaseEnabled: false, goog:chromeOptions: {debuggerAddress: localhost:56841}, handlesAlerts: true, hasTouchScreen: false, javascriptEnabled: true, locationContextEnabled: true, mobileEmulationEnabled: false, nativeEvents: true, networkConnectionEnabled: false, pageLoadStrategy: normal, platform: XP, platformName: XP, rotatable: false, setWindowRect: true, takesHeapSnapshot: true, takesScreenshot: true, unexpectedAlertBehaviour: , unhandledPromptBehavior: , version: 76.0.3809.132, webStorageEnabled: true}
Session ID: b48030279db6a57452fadec4ab1ac5af
*** Element info: {Using=xpath, value=//button[@class='btn btnLinkBlue btn-block btn-gap']}
at sun.reflect.NativeConstructorAccessorImpl.newInstance0(Native Method)
at sun.reflect.NativeConstructorAccessorImpl.newInstance(Unknown Source)
at sun.reflect.DelegatingConstructorAccessorImpl.newInstance(Unknown Source)
at java.lang.reflect.Constructor.newInstance(Unknown Source)
at org.openqa.selenium.remote.ErrorHandler.createThrowable(ErrorHandler.java:214)
at org.openqa.selenium.remote.ErrorHandler.throwIfResponseFailed(ErrorHandler.java:166)
at org.openqa.selenium.remote.http.JsonHttpResponseCodec.reconstructValue(JsonHttpResponseCodec.java:40)
at org.openqa.selenium.remote.http.AbstractHttpResponseCodec.decode(AbstractHttpResponseCodec.java:80)
at org.openqa.selenium.remote.http.AbstractHttpResponseCodec.decode(AbstractHttpResponseCodec.java:44)
at org.openqa.selenium.remote.HttpCommandExecutor.execute(HttpCommandExecutor.java:158)
at org.openqa.selenium.remote.service.DriverCommandExecutor.execute(DriverCommandExecutor.java:83)
at org.openqa.selenium.remote.RemoteWebDriver.execute(RemoteWebDriver.java:552)
at org.openqa.selenium.remote.RemoteWebDriver.findElement(RemoteWebDriver.java:323)
at org.openqa.selenium.remote.RemoteWebDriver.findElementByXPath(RemoteWebDriver.java:428)
at org.openqa.selenium.By$ByXPath.findElement(By.java:353)
at org.openqa.selenium.remote.RemoteWebDriver.findElement(RemoteWebDriver.java:315)
at org.openqa.selenium.support.pagefactory.DefaultElementLocator.findElement(DefaultElementLocator.java:69)
at org.openqa.selenium.support.pagefactory.internal.LocatingElementHandler.invoke(LocatingElementHandler.java:38)
at com.sun.proxy.$Proxy11.click(Unknown Source)
at com.bm.qa.pages.MyAccountPage.clickOnDeleteLink(MyAccountPage.java:171)
at com.bm.qa.testcases.AccountManagementTest.TC_03_1(AccountManagementTest.java:63)
at sun.reflect.NativeMethodAccessorImpl.invoke0(Native Method)
at sun.reflect.NativeMethodAccessorImpl.invoke(Unknown Source)
at sun.reflect.DelegatingMethodAccessorImpl.invoke(Unknown Source)
at java.lang.reflect.Method.invoke(Unknown Source)
at org.testng.internal.MethodInvocationHelper.invokeMethod(MethodInvocationHelper.java:124)
at org.testng.internal.Invoker.invokeMethod(Invoker.java:583)
at org.testng.internal.Invoker.invokeTestMethod(Invoker.java:719)
at org.testng.internal.Invoker.invokeTestMethods(Invoker.java:989)
at org.testng.internal.TestMethodWorker.invokeTestMethods(TestMethodWorker.java:125)
at org.testng.internal.TestMethodWorker.run(TestMethodWorker.java:109)
at org.testng.TestRunner.privateRun(TestRunner.java:648)
at org.testng.TestRunner.run(TestRunner.java:505)
at org.testng.SuiteRunner.runTest(SuiteRunner.java:455)
at org.testng.SuiteRunner.runSequentially(SuiteRunner.java:450)
at org.testng.SuiteRunner.privateRun(SuiteRunner.java:415)
at org.testng.SuiteRunner.run(SuiteRunner.java:364)
at org.testng.SuiteRunnerWorker.runSuite(SuiteRunnerWorker.java:52)
at org.testng.SuiteRunnerWorker.run(SuiteRunnerWorker.java:84)
at org.testng.TestNG.runSuitesSequentially(TestNG.java:1208)
at org.testng.TestNG.runSuitesLocally(TestNG.java:1137)
at org.testng.TestNG.runSuites(TestNG.java:1049)
at org.testng.TestNG.run(TestNG.java:1017)
at org.testng.remote.AbstractRemoteTestNG.run(AbstractRemoteTestNG.java:115)
at org.testng.remote.RemoteTestNG.initAndRun(RemoteTestNG.java:251)
at org.testng.remote.RemoteTestNG.main(RemoteTestNG.java:77)
]]>
            </full-stacktrace>
          </exception> <!-- org.openqa.selenium.NoSuchElementException -->
          <reporter-output>
          </reporter-output>
        </test-method> <!-- TC_03_1 -->
        <test-method status="PASS" signature="captureStatus(org.testng.ITestResult)[pri:0, instance:com.bm.qa.testcases.AccountManagementTest@6973bf95]" name="captureStatus" is-config="true" duration-ms="1574" started-at="2019-09-06T12:23:46Z" finished-at="2019-09-06T12:23:47Z">
          <params>
            <param index="0">
              <value>
                <![CDATA[[TestResult name=TC_03_1 status=FAILURE method=AccountManagementTest.TC_03_1()[pri:0, instance:com.bm.qa.testcases.AccountManagementTest@6973bf95] output={null}]]]>
              </value>
            </param>
          </params>
          <reporter-output>
          </reporter-output>
        </test-method> <!-- captureStatus -->
        <test-method status="PASS" signature="setup(java.lang.reflect.Method)[pri:0, instance:com.bm.qa.testcases.AccountManagementTest@6973bf95]" name="setup" is-config="true" duration-ms="15961" started-at="2019-09-06T12:23:47Z" finished-at="2019-09-06T12:24:03Z">
          <params>
            <param index="0">
              <value>
                <![CDATA[public void com.bm.qa.testcases.AccountManagementTest.TC_04() throws java.lang.Throwable]]>
              </value>
            </param>
          </params>
          <reporter-output>
          </reporter-output>
        </test-method> <!-- setup -->
        <test-method status="PASS" signature="TC_04()[pri:0, instance:com.bm.qa.testcases.AccountManagementTest@6973bf95]" name="TC_04" duration-ms="7380" started-at="2019-09-06T12:24:03Z" finished-at="2019-09-06T12:24:11Z">
          <reporter-output>
          </reporter-output>
        </test-method> <!-- TC_04 -->
        <test-method status="PASS" signature="captureStatus(org.testng.ITestResult)[pri:0, instance:com.bm.qa.testcases.AccountManagementTest@6973bf95]" name="captureStatus" is-config="true" duration-ms="794" started-at="2019-09-06T12:24:11Z" finished-at="2019-09-06T12:24:12Z">
          <params>
            <param index="0">
              <value>
                <![CDATA[[TestResult name=TC_04 status=SUCCESS method=AccountManagementTest.TC_04()[pri:0, instance:com.bm.qa.testcases.AccountManagementTest@6973bf95] output={null}]]]>
              </value>
            </param>
          </params>
          <reporter-output>
          </reporter-output>
        </test-method> <!-- captureStatus -->
        <test-method status="PASS" signature="tearDown()[pri:0, instance:com.bm.qa.testcases.AccountManagementTest@6973bf95]" name="tearDown" is-config="true" duration-ms="895" started-at="2019-09-06T12:25:58Z" finished-at="2019-09-06T12:25:59Z">
          <reporter-output>
          </reporter-output>
        </test-method> <!-- tearDown -->
      </class> <!-- com.bm.qa.testcases.AccountManagementTest -->
    </test> <!-- Test -->
  </suite> <!-- Suite -->
</testng-results>
